<?xml version="1.0" encoding="UTF-8"?>
<robot generator="Robot 6.1.1 (Python 3.11.7 on win32)" generated="20240102 15:04:59.394" rpa="false" schemaversion="4">
<suite id="s1" name="pythonProject" source="C:\Users\karku\PycharmProjects\pythonProject">
<suite id="s1-s1" name="Test" source="C:\Users\karku\PycharmProjects\pythonProject\test.robot">
<test id="s1-s1-t1" name="test with lists" line="13">
<kw name="create list without duplicates">
<arg>${simple list}</arg>
<arg>${one more simple list}</arg>
<kw name="Remove Duplicates" library="Collections">
<var>${new simple list}</var>
<arg>${simple list}</arg>
<doc>Returns a list without duplicates based on the given ``list``.</doc>
<msg timestamp="20240102 15:04:59.599" level="INFO">1 duplicate removed.</msg>
<msg timestamp="20240102 15:04:59.599" level="INFO">${new simple list} = ['1', '2', '3']</msg>
<status status="PASS" starttime="20240102 15:04:59.599" endtime="20240102 15:04:59.599"/>
</kw>
<kw name="Combine Lists" library="Collections">
<var>${new list}</var>
<arg>${new simple list}</arg>
<arg>${one more simple list}</arg>
<doc>Combines the given ``lists`` together and returns the result.</doc>
<msg timestamp="20240102 15:04:59.600" level="INFO">${new list} = ['1', '2', '3', '2', '4', '6']</msg>
<status status="PASS" starttime="20240102 15:04:59.600" endtime="20240102 15:04:59.600"/>
</kw>
<kw name="Log To Console" library="BuiltIn">
<arg>${\n}${new list} this is our new list</arg>
<doc>Logs the given message to the console.</doc>
<status status="PASS" starttime="20240102 15:04:59.600" endtime="20240102 15:04:59.600"/>
</kw>
<kw name="Get Length" library="BuiltIn">
<var>${len}</var>
<arg>${new list}</arg>
<doc>Returns and logs the length of the given item as an integer.</doc>
<msg timestamp="20240102 15:04:59.600" level="INFO">Length is 6</msg>
<msg timestamp="20240102 15:04:59.600" level="INFO">${len} = 6</msg>
<status status="PASS" starttime="20240102 15:04:59.600" endtime="20240102 15:04:59.600"/>
</kw>
<kw name="Log To Console" library="BuiltIn">
<arg>${\n}'${len}' and this is its length</arg>
<doc>Logs the given message to the console.</doc>
<status status="PASS" starttime="20240102 15:04:59.600" endtime="20240102 15:04:59.601"/>
</kw>
<status status="PASS" starttime="20240102 15:04:59.599" endtime="20240102 15:04:59.601"/>
</kw>
<status status="PASS" starttime="20240102 15:04:59.598" endtime="20240102 15:04:59.601"/>
</test>
<status status="PASS" starttime="20240102 15:04:59.415" endtime="20240102 15:04:59.602"/>
</suite>
<status status="PASS" starttime="20240102 15:04:59.396" endtime="20240102 15:04:59.603"/>
</suite>
<statistics>
<total>
<stat pass="1" fail="0" skip="0">All Tests</stat>
</total>
<tag>
</tag>
<suite>
<stat pass="1" fail="0" skip="0" id="s1" name="pythonProject">pythonProject</stat>
<stat pass="1" fail="0" skip="0" id="s1-s1" name="Test">pythonProject.Test</stat>
</suite>
</statistics>
<errors>
</errors>
</robot>
